05/16/2025 10:44:22 PM: INFO: patching driver executable C:\Users\Pradeep\appdata\roaming\undetected_chromedriver\undetected_chromedriver.exe
05/16/2025 10:44:23 PM: INFO: **********homepagetitle tc *****
05/16/2025 10:44:23 PM: INFO: **********homepagetitle tc started*****
05/16/2025 10:44:25 PM: INFO: **********homepagetitle tc passed*****
05/16/2025 10:44:26 PM: INFO: **********login  tc *****
05/16/2025 10:44:26 PM: INFO: **********login tc started*****
05/16/2025 10:44:30 PM: INFO: **********Loginpage tc Passed*****
05/16/2025 11:31:15 PM: INFO: **********homepagetitle tc *****
05/16/2025 11:31:15 PM: INFO: **********homepagetitle tc started*****
05/16/2025 11:31:17 PM: INFO: **********homepagetitle tc passed*****
05/16/2025 11:31:24 PM: INFO: **********login  tc *****
05/16/2025 11:31:24 PM: INFO: **********login tc started*****
05/16/2025 11:31:30 PM: INFO: **********Loginpage tc Passed*****
05/16/2025 11:40:58 PM: INFO: **********homepagetitle tc *****
05/16/2025 11:40:58 PM: INFO: **********homepagetitle tc started*****
05/16/2025 11:40:59 PM: INFO: **********homepagetitle tc passed*****
05/16/2025 11:41:01 PM: INFO: **********login  tc *****
05/16/2025 11:41:01 PM: INFO: **********login tc started*****
05/16/2025 11:44:46 PM: INFO: **********homepagetitle tc *****
05/16/2025 11:44:46 PM: INFO: **********homepagetitle tc started*****
05/16/2025 11:44:48 PM: INFO: **********homepagetitle tc passed*****
05/16/2025 11:44:49 PM: INFO: **********login  tc *****
05/16/2025 11:44:49 PM: INFO: **********login tc started*****
05/16/2025 11:47:41 PM: INFO: patching driver executable C:\Users\Pradeep\appdata\roaming\undetected_chromedriver\undetected_chromedriver.exe
05/16/2025 11:47:42 PM: INFO: **********homepagetitle tc *****
05/16/2025 11:47:42 PM: INFO: **********homepagetitle tc started*****
05/16/2025 11:47:44 PM: INFO: **********homepagetitle tc passed*****
05/16/2025 11:47:44 PM: INFO: **********login  tc *****
05/16/2025 11:47:44 PM: INFO: **********login tc started*****
05/16/2025 11:50:40 PM: INFO: patching driver executable C:\Users\Pradeep\appdata\roaming\undetected_chromedriver\undetected_chromedriver.exe
05/16/2025 11:50:40 PM: INFO: **********homepagetitle tc *****
05/16/2025 11:50:40 PM: INFO: **********homepagetitle tc started*****
05/16/2025 11:50:42 PM: INFO: **********homepagetitle tc passed*****
05/16/2025 11:50:43 PM: INFO: **********login  tc *****
05/16/2025 11:50:43 PM: INFO: **********login tc started*****
05/16/2025 11:50:48 PM: INFO: **********Loginpage tc Passed*****
05/19/2025 11:57:39 AM: INFO: patching driver executable C:\Users\Pradeep\appdata\roaming\undetected_chromedriver\undetected_chromedriver.exe
05/19/2025 11:57:40 AM: INFO: **********homepagetitle tc *****
05/19/2025 11:57:40 AM: INFO: **********homepagetitle tc started*****
05/19/2025 11:57:43 AM: INFO: **********homepagetitle tc passed*****
05/19/2025 11:58:23 AM: INFO: patching driver executable C:\Users\Pradeep\appdata\roaming\undetected_chromedriver\undetected_chromedriver.exe
05/19/2025 11:58:24 AM: INFO: **********homepagetitle tc *****
05/19/2025 11:58:24 AM: INFO: **********homepagetitle tc started*****
05/19/2025 11:58:26 AM: INFO: **********homepagetitle tc passed*****
05/19/2025 11:58:27 AM: INFO: **********login  tc *****
05/19/2025 11:58:27 AM: INFO: **********login tc started*****
05/19/2025 11:58:31 AM: INFO: **********Loginpage tc Passed*****
05/19/2025 12:01:37 PM: INFO: patching driver executable C:\Users\Pradeep\appdata\roaming\undetected_chromedriver\undetected_chromedriver.exe
05/19/2025 12:01:38 PM: INFO: **********homepagetitle tc *****
05/19/2025 12:01:38 PM: INFO: **********homepagetitle tc started*****
05/19/2025 12:01:39 PM: INFO: **********homepagetitle tc passed*****
05/19/2025 12:09:55 PM: INFO: patching driver executable C:\Users\Pradeep\appdata\roaming\undetected_chromedriver\undetected_chromedriver.exe
05/19/2025 12:09:56 PM: INFO: **********login  tc *****
05/19/2025 12:09:56 PM: INFO: **********login tc started*****
05/19/2025 12:10:05 PM: INFO: **********Loginpage tc Passed*****
05/19/2025 12:11:27 PM: INFO: patching driver executable C:\Users\Pradeep\appdata\roaming\undetected_chromedriver\undetected_chromedriver.exe
05/19/2025 12:11:28 PM: INFO: **********login  tc *****
05/19/2025 12:11:28 PM: INFO: **********login tc started*****
05/19/2025 12:11:35 PM: INFO: **********Loginpage tc Passed*****
05/19/2025 12:18:41 PM: INFO: patching driver executable C:\Users\Pradeep\appdata\roaming\undetected_chromedriver\undetected_chromedriver.exe
05/19/2025 12:18:41 PM: INFO: **********homepagetitle tc *****
05/19/2025 12:18:41 PM: INFO: **********homepagetitle tc started*****
05/19/2025 12:18:43 PM: INFO: **********homepagetitle tc passed*****
05/19/2025 12:18:44 PM: INFO: **********login  tc *****
05/19/2025 12:18:44 PM: INFO: **********login tc started*****
05/19/2025 12:18:50 PM: INFO: **********Loginpage tc Passed*****
05/19/2025 12:36:24 PM: INFO: patching driver executable C:\Users\Pradeep\appdata\roaming\undetected_chromedriver\undetected_chromedriver.exe
05/19/2025 12:36:25 PM: INFO: **********homepagetitle tc *****
05/19/2025 12:36:25 PM: INFO: **********homepagetitle tc started*****
05/19/2025 12:36:27 PM: INFO: **********homepagetitle tc passed*****
05/19/2025 12:36:28 PM: INFO: **********login  tc *****
05/19/2025 12:36:28 PM: INFO: **********login tc started*****
05/19/2025 12:36:34 PM: INFO: **********Loginpage tc Passed*****
05/19/2025 03:54:04 PM: INFO: patching driver executable C:\Users\Pradeep\appdata\roaming\undetected_chromedriver\undetected_chromedriver.exe
05/19/2025 03:54:05 PM: INFO: **********login  tc *****
05/19/2025 03:54:05 PM: INFO: **********login_DDT tc started*****
05/19/2025 03:57:45 PM: INFO: patching driver executable C:\Users\Pradeep\appdata\roaming\undetected_chromedriver\undetected_chromedriver.exe
05/19/2025 03:57:45 PM: INFO: **********login  tc *****
05/19/2025 03:57:45 PM: INFO: **********login_DDT tc started*****
05/19/2025 03:57:53 PM: INFO: the testcase is pass
05/19/2025 03:57:57 PM: INFO: the testcase is passsed
05/19/2025 03:57:59 PM: INFO: the testcase is passsed
05/19/2025 03:58:01 PM: INFO: the testcase is passsed
05/19/2025 03:58:01 PM: INFO: DDT test case passed
05/19/2025 03:58:01 PM: INFO: DDT login case completed
05/20/2025 03:14:58 PM: INFO: patching driver executable C:\Users\Pradeep\appdata\roaming\undetected_chromedriver\undetected_chromedriver.exe
05/20/2025 03:14:59 PM: INFO: *******TC003_Addcustomer**********
05/20/2025 03:15:07 PM: INFO: ******login succesful***
05/20/2025 03:15:07 PM: INFO: *****starting adding customer****
05/20/2025 03:16:32 PM: INFO: patching driver executable C:\Users\Pradeep\appdata\roaming\undetected_chromedriver\undetected_chromedriver.exe
05/20/2025 03:16:33 PM: INFO: *******TC003_Addcustomer**********
05/20/2025 03:16:37 PM: INFO: ******login succesful***
05/20/2025 03:16:37 PM: INFO: *****starting adding customer****
05/20/2025 03:19:24 PM: INFO: patching driver executable C:\Users\Pradeep\appdata\roaming\undetected_chromedriver\undetected_chromedriver.exe
05/20/2025 03:19:25 PM: INFO: *******TC003_Addcustomer**********
05/20/2025 03:19:34 PM: INFO: ******login succesful***
05/20/2025 03:19:34 PM: INFO: *****starting adding customer****
05/20/2025 03:19:46 PM: INFO: ******providing customer details***********
05/20/2025 03:20:45 PM: INFO: patching driver executable C:\Users\Pradeep\appdata\roaming\undetected_chromedriver\undetected_chromedriver.exe
05/20/2025 03:20:46 PM: INFO: *******TC003_Addcustomer**********
05/20/2025 03:20:57 PM: INFO: ******login succesful***
05/20/2025 03:20:57 PM: INFO: *****starting adding customer****
05/20/2025 03:21:08 PM: INFO: ******providing customer details***********
05/20/2025 03:24:37 PM: INFO: patching driver executable C:\Users\Pradeep\appdata\roaming\undetected_chromedriver\undetected_chromedriver.exe
05/20/2025 03:24:38 PM: INFO: *******TC003_Addcustomer**********
05/20/2025 03:24:44 PM: INFO: ******login succesful***
05/20/2025 03:24:44 PM: INFO: *****starting adding customer****
05/20/2025 03:24:56 PM: INFO: ******providing customer details***********
05/20/2025 03:29:31 PM: INFO: patching driver executable C:\Users\Pradeep\appdata\roaming\undetected_chromedriver\undetected_chromedriver.exe
05/20/2025 03:29:32 PM: INFO: *******TC003_Addcustomer**********
05/20/2025 03:29:39 PM: INFO: ******login succesful***
05/20/2025 03:29:39 PM: INFO: *****starting adding customer****
05/20/2025 03:30:08 PM: INFO: patching driver executable C:\Users\Pradeep\appdata\roaming\undetected_chromedriver\undetected_chromedriver.exe
05/20/2025 03:30:09 PM: INFO: *******TC003_Addcustomer**********
05/20/2025 03:30:15 PM: INFO: ******login succesful***
05/20/2025 03:30:15 PM: INFO: *****starting adding customer****
05/20/2025 03:30:44 PM: INFO: patching driver executable C:\Users\Pradeep\appdata\roaming\undetected_chromedriver\undetected_chromedriver.exe
05/20/2025 03:30:45 PM: INFO: *******TC003_Addcustomer**********
05/20/2025 03:30:51 PM: INFO: ******login succesful***
05/20/2025 03:30:51 PM: INFO: *****starting adding customer****
05/20/2025 03:31:06 PM: INFO: ******providing customer details***********
05/20/2025 03:31:10 PM: INFO: *************Saving the customer details****
05/20/2025 03:31:10 PM: INFO: ****adding customer validation***
05/20/2025 03:31:11 PM: INFO: ****Add customer TC failed****
05/20/2025 03:33:34 PM: INFO: patching driver executable C:\Users\Pradeep\appdata\roaming\undetected_chromedriver\undetected_chromedriver.exe
05/20/2025 03:33:35 PM: INFO: *******TC003_Addcustomer**********
05/20/2025 03:33:42 PM: INFO: ******login succesful***
05/20/2025 03:33:42 PM: INFO: *****starting adding customer****
05/20/2025 03:33:57 PM: INFO: patching driver executable C:\Users\Pradeep\appdata\roaming\undetected_chromedriver\undetected_chromedriver.exe
05/20/2025 03:33:58 PM: INFO: *******TC003_Addcustomer**********
05/20/2025 03:34:07 PM: INFO: ******login succesful***
05/20/2025 03:34:07 PM: INFO: *****starting adding customer****
05/20/2025 03:34:18 PM: INFO: ******providing customer details***********
05/20/2025 03:34:23 PM: INFO: *************Saving the customer details****
05/20/2025 03:34:23 PM: INFO: ****adding customer validation***
05/20/2025 03:34:23 PM: INFO: ****Add customer TC failed****
05/20/2025 03:38:39 PM: INFO: patching driver executable C:\Users\Pradeep\appdata\roaming\undetected_chromedriver\undetected_chromedriver.exe
05/20/2025 03:38:39 PM: INFO: *******TC003_Addcustomer**********
05/20/2025 03:38:46 PM: INFO: ******login succesful***
05/20/2025 03:38:46 PM: INFO: *****starting adding customer****
05/20/2025 03:38:57 PM: INFO: ******providing customer details***********
05/20/2025 03:39:01 PM: INFO: *************Saving the customer details****
05/20/2025 03:39:01 PM: INFO: ****adding customer validation***
05/20/2025 03:39:01 PM: INFO: ****Add customer TC failed****
05/20/2025 03:39:33 PM: INFO: patching driver executable C:\Users\Pradeep\appdata\roaming\undetected_chromedriver\undetected_chromedriver.exe
05/20/2025 03:39:34 PM: INFO: *******TC003_Addcustomer**********
05/20/2025 03:39:38 PM: INFO: ******login succesful***
05/20/2025 03:39:38 PM: INFO: *****starting adding customer****
05/20/2025 03:39:53 PM: INFO: patching driver executable C:\Users\Pradeep\appdata\roaming\undetected_chromedriver\undetected_chromedriver.exe
05/20/2025 03:39:54 PM: INFO: *******TC003_Addcustomer**********
05/20/2025 03:39:55 PM: INFO: ******login succesful***
05/20/2025 03:39:55 PM: INFO: *****starting adding customer****
05/20/2025 03:40:17 PM: INFO: patching driver executable C:\Users\Pradeep\appdata\roaming\undetected_chromedriver\undetected_chromedriver.exe
05/20/2025 03:40:18 PM: INFO: *******TC003_Addcustomer**********
05/20/2025 03:40:22 PM: INFO: ******login succesful***
05/20/2025 03:40:22 PM: INFO: *****starting adding customer****
05/20/2025 03:45:44 PM: INFO: patching driver executable C:\Users\Pradeep\appdata\roaming\undetected_chromedriver\undetected_chromedriver.exe
05/20/2025 03:45:44 PM: INFO: *******TC003_Addcustomer**********
05/20/2025 03:45:57 PM: INFO: ******login succesful***
05/20/2025 03:45:57 PM: INFO: *****starting adding customer****
05/20/2025 03:46:08 PM: INFO: ******providing customer details***********
05/20/2025 03:46:13 PM: INFO: *************Saving the customer details****
05/20/2025 03:46:13 PM: INFO: ****adding customer validation***
05/20/2025 03:46:13 PM: INFO: ****Add customer TC failed****
05/20/2025 03:46:37 PM: INFO: patching driver executable C:\Users\Pradeep\appdata\roaming\undetected_chromedriver\undetected_chromedriver.exe
05/20/2025 03:46:38 PM: INFO: *******TC003_Addcustomer**********
05/20/2025 03:46:46 PM: INFO: ******login succesful***
05/20/2025 03:46:46 PM: INFO: *****starting adding customer****
05/20/2025 03:46:58 PM: INFO: ******providing customer details***********
05/20/2025 03:47:03 PM: INFO: *************Saving the customer details****
05/20/2025 03:47:03 PM: INFO: ****adding customer validation***
05/20/2025 03:47:03 PM: INFO: ****Add customer TC passed***
05/20/2025 05:38:43 PM: INFO: patching driver executable C:\Users\Pradeep\appdata\roaming\undetected_chromedriver\undetected_chromedriver.exe
05/20/2025 05:38:44 PM: INFO: ***search TC_004***
05/20/2025 05:38:49 PM: INFO: ******login succesful***
05/20/2025 05:39:04 PM: INFO: ***search TC_005***
05/20/2025 05:39:10 PM: INFO: ******login succesful***
05/20/2025 05:49:38 PM: INFO: patching driver executable C:\Users\Pradeep\appdata\roaming\undetected_chromedriver\undetected_chromedriver.exe
05/20/2025 05:49:39 PM: INFO: ***search TC_004***
05/20/2025 05:49:45 PM: INFO: ******login succesful***
05/20/2025 05:50:00 PM: INFO: ***search TC_005***
05/20/2025 05:50:05 PM: INFO: ******login succesful***
05/20/2025 05:55:51 PM: INFO: patching driver executable C:\Users\Pradeep\appdata\roaming\undetected_chromedriver\undetected_chromedriver.exe
05/20/2025 05:55:52 PM: INFO: ***search TC_004***
05/20/2025 05:55:57 PM: INFO: ******login succesful***
05/20/2025 05:56:12 PM: INFO: ***search TC_005***
05/20/2025 05:56:16 PM: INFO: ******login succesful***
05/20/2025 05:58:30 PM: INFO: patching driver executable C:\Users\Pradeep\appdata\roaming\undetected_chromedriver\undetected_chromedriver.exe
05/20/2025 05:58:31 PM: INFO: ***search TC_004***
05/20/2025 05:58:37 PM: INFO: ******login succesful***
05/20/2025 05:58:52 PM: INFO: ***search TC_005***
05/20/2025 05:58:59 PM: INFO: ******login succesful***
05/20/2025 06:05:56 PM: INFO: patching driver executable C:\Users\Pradeep\appdata\roaming\undetected_chromedriver\undetected_chromedriver.exe
05/20/2025 06:05:57 PM: INFO: ***search TC_004***
05/20/2025 06:06:02 PM: INFO: ******login succesful***
05/20/2025 06:06:16 PM: INFO: ****finished searching****
05/20/2025 06:06:17 PM: INFO: ***search TC_005***
05/20/2025 06:06:23 PM: INFO: ******login succesful***
05/20/2025 06:35:16 PM: INFO: patching driver executable C:\Users\Pradeep\appdata\roaming\undetected_chromedriver\undetected_chromedriver.exe
05/20/2025 06:35:17 PM: INFO: ***search TC_004***
05/20/2025 06:35:22 PM: INFO: ******login succesful***
05/20/2025 06:35:37 PM: INFO: ***search TC_005***
05/20/2025 06:35:42 PM: INFO: ******login succesful***
05/20/2025 06:37:12 PM: INFO: patching driver executable C:\Users\Pradeep\appdata\roaming\undetected_chromedriver\undetected_chromedriver.exe
05/20/2025 06:37:14 PM: INFO: ***search TC_004***
05/20/2025 06:37:19 PM: INFO: ******login succesful***
05/20/2025 06:37:33 PM: INFO: ****finished searching****
05/20/2025 06:37:33 PM: INFO: ***search TC_005***
05/20/2025 06:37:37 PM: INFO: ******login succesful***
05/20/2025 06:42:43 PM: INFO: patching driver executable C:\Users\Pradeep\appdata\roaming\undetected_chromedriver\undetected_chromedriver.exe
05/20/2025 06:42:44 PM: INFO: ***search TC_004***
05/20/2025 06:42:49 PM: INFO: ******login succesful***
05/20/2025 06:43:03 PM: INFO: ****finished searching****
05/20/2025 06:43:04 PM: INFO: ***search TC_005***
05/20/2025 06:43:07 PM: INFO: ******login succesful***
05/20/2025 06:43:22 PM: INFO: ****finished searching****
05/23/2025 12:00:00 PM: INFO: patching driver executable C:\Users\Pradeep\appdata\roaming\undetected_chromedriver\undetected_chromedriver.exe
05/23/2025 12:00:03 PM: INFO: *******TC003_Addcustomer**********
05/23/2025 12:00:07 PM: INFO: ******login succesful***
05/23/2025 12:00:07 PM: INFO: *****starting adding customer****
05/23/2025 12:00:13 PM: INFO: **********homepagetitle tc *****
05/23/2025 12:00:13 PM: INFO: **********homepagetitle tc started*****
05/23/2025 12:00:15 PM: INFO: **********homepagetitle tc passed*****
05/23/2025 12:00:30 PM: INFO: patching driver executable C:\Users\Pradeep\appdata\roaming\undetected_chromedriver\undetected_chromedriver.exe
05/23/2025 12:00:32 PM: INFO: *******TC003_Addcustomer**********
05/23/2025 12:00:38 PM: INFO: ******login succesful***
05/23/2025 12:00:38 PM: INFO: *****starting adding customer****
05/23/2025 12:00:50 PM: INFO: ******providing customer details***********
05/23/2025 12:00:55 PM: INFO: *************Saving the customer details****
05/23/2025 12:00:55 PM: INFO: ****adding customer validation***
05/23/2025 12:00:55 PM: INFO: ****Add customer TC passed***
05/23/2025 12:00:56 PM: INFO: **********homepagetitle tc *****
05/23/2025 12:00:56 PM: INFO: **********homepagetitle tc started*****
05/23/2025 12:00:58 PM: INFO: **********homepagetitle tc passed*****
05/23/2025 12:44:49 PM: INFO: patching driver executable C:\Users\Pradeep\appdata\roaming\undetected_chromedriver\undetected_chromedriver.exe
05/23/2025 12:44:51 PM: INFO: *******TC003_Addcustomer**********
05/23/2025 12:44:56 PM: INFO: ******login succesful***
05/23/2025 12:44:56 PM: INFO: *****starting adding customer****
05/23/2025 12:45:08 PM: INFO: ******providing customer details***********
05/23/2025 12:45:12 PM: INFO: *************Saving the customer details****
05/23/2025 12:45:12 PM: INFO: ****adding customer validation***
05/23/2025 12:45:14 PM: INFO: **********homepagetitle tc *****
05/23/2025 12:45:14 PM: INFO: **********homepagetitle tc started*****
05/23/2025 12:45:16 PM: INFO: **********homepagetitle tc passed*****
